#
# There is insufficient memory for the Java Runtime Environment to continue.
# Native memory allocation (malloc) failed to allocate 1856080 bytes for Chunk::new
# Possible reasons:
#   The system is out of physical RAM or swap space
#   The process is running with CompressedOops enabled, and the Java Heap may be blocking the growth of the native heap
# Possible solutions:
#   Reduce memory load on the system
#   Increase physical memory or swap space
#   Check if swap backing store is full
#   Decrease Java heap size (-Xmx/-Xms)
#   Decrease number of Java threads
#   Decrease Java thread stack sizes (-Xss)
#   Set larger code cache with -XX:ReservedCodeCacheSize=
#   JVM is running with Unscaled Compressed Oops mode in which the Java heap is
#     placed in the first 4GB address space. The Java Heap base address is the
#     maximum limit for the native heap growth. Please use -XX:HeapBaseMinAddress
#     to set the Java Heap base and to place the Java Heap above 4GB virtual address.
# This output file may be truncated or incomplete.
#
#  Out of Memory Error (allocation.cpp:389), pid=7992, tid=0x000000000000291c
#
# JRE version: Java(TM) SE Runtime Environment (8.0_231-b11) (build 1.8.0_231-b11)
# Java VM: Java HotSpot(TM) 64-Bit Server VM (25.231-b11 mixed mode windows-amd64 compressed oops)
# Failed to write core dump. Minidumps are not enabled by default on client versions of Windows
#

---------------  T H R E A D  ---------------

Current thread (0x000000001987d000):  JavaThread "Unknown thread" [_thread_in_native, id=10524, stack(0x000000001a0c0000,0x000000001a1c0000)]

Stack: [0x000000001a0c0000,0x000000001a1c0000]
[error occurred during error reporting (printing stack bounds), id 0xc0000005]

Native frames: (J=compiled Java code, j=interpreted, Vv=VM code, C=native code)


Current CompileTask:
C2:   3028 2238       4       java.net.URLClassLoader$1::run (5 bytes)


---------------  P R O C E S S  ---------------

Java Threads: ( => current thread )
  0x0000000019911000 JavaThread "Unknown thread" [_thread_blocked, id=10172, stack(0x000000001a4c0000,0x000000001a5c0000)]
  0x000000001988f800 
[error occurred during error reporting (printing all threads), id 0xc0000005]

VM state:at safepoint (normal execution)

VM Mutex/Monitor currently owned by a thread:  ([mutex/lock_event])
[0x00000000026fdd20] Threads_lock - owner thread: 0x00000000179c9800
[0x0000000002804cf0] Heap_lock - owner thread: 0x0000000002807000

heap address: 0x0000000081200000, size: 2030 MB, Compressed Oops mode: 32-bit
Narrow klass base: 0x0000000000000000, Narrow klass shift: 3
Compressed class space size: 1073741824 Address: 0x0000000100000000

Heap:
 PSYoungGen      total 116736K, used 5164K [0x00000000d5b80000, 0x00000000ded80000, 0x0000000100000000)
  eden space 108032K, 0% used [0x00000000d5b80000,0x00000000d5b80000,0x00000000dc500000)
  from space 8704K, 59% used [0x00000000ddc80000,0x00000000de18b310,0x00000000de500000)
  to   space 7680K, 0% used [0x00000000de600000,0x00000000de600000,0x00000000ded80000)
 ParOldGen       total 54272K, used 6345K [0x0000000081200000, 0x0000000084700000, 0x00000000d5b80000)
  object space 54272K, 11% used [0x0000000081200000,0x0000000081832598,0x0000000084700000)
 Metaspace       used 27447K, capacity 29074K, committed 29184K, reserved 1079296K
  class space    used 3676K, capacity 4029K, committed 4096K, reserved 1048576K

Card table byte_map: [0x0000000011dc0000,0x00000000121c0000] byte_map_base: 0x00000000119b7000

Marking Bits: (ParMarkBitMap*) 0x0000000067bb6d90
 Begin Bits: [0x0000000012c70000, 0x0000000014c28000)
 End Bits:   [0x0000000014c28000, 0x0000000016be0000)

Polling page: 0x0000000000420000

CodeCache: size=245760Kb used=8100Kb max_used=8120Kb free=237659Kb
 bounds [0x0000000002a00000, 0x0000000003200000, 0x0000000011a00000]
 total_blobs=2866 nmethods=2476 adapters=302
 compilation: enabled

Compilation events (10 events):
Event: 2.969 Thread 0x000000001988f800 2477       3       java.lang.System$2::getConstantPool (5 bytes)
Event: 2.970 Thread 0x000000001988f800 nmethod 2477 0x00000000031e2250 code [0x00000000031e23c0, 0x00000000031e25c8]
Event: 2.979 Thread 0x000000001988f800 2478       3       sun.reflect.annotation.AnnotationParser::parseAnnotations2 (135 bytes)
Event: 2.981 Thread 0x000000001988f800 nmethod 2478 0x00000000031e2690 code [0x00000000031e2a40, 0x00000000031e4978]
Event: 2.985 Thread 0x000000001988f800 2481       3       org.springframework.core.annotation.TypeMappedAnnotations$IsPresent::doWithAnnotations (183 bytes)
Event: 2.986 Thread 0x000000001988f800 nmethod 2481 0x00000000031e6150 code [0x00000000031e63e0, 0x00000000031e75b8]
Event: 2.986 Thread 0x000000001988f800 2480       3       org.springframework.core.annotation.TypeMappedAnnotations$IsPresent::doWithAnnotations (10 bytes)
Event: 2.987 Thread 0x000000001988f800 nmethod 2480 0x00000000031e7f50 code [0x00000000031e80c0, 0x00000000031e82c8]
Event: 2.995 Thread 0x000000001987e000 nmethod 2451 0x00000000031ed310 code [0x00000000031ed580, 0x00000000031ef880]
Event: 2.995 Thread 0x000000001987e000 2461       4       java.nio.Buffer::nextGetIndex (38 bytes)

GC Heap History (10 events):
Event: 1.942 GC heap after
Heap after GC invocations=4 (full 0):
 PSYoungGen      total 71680K, used 5119K [0x00000000d5b80000, 0x00000000da680000, 0x0000000100000000)
  eden space 66560K, 0% used [0x00000000d5b80000,0x00000000d5b80000,0x00000000d9c80000)
  from space 5120K, 99% used [0x00000000da180000,0x00000000da67fe08,0x00000000da680000)
  to   space 5120K, 0% used [0x00000000d9c80000,0x00000000d9c80000,0x00000000da180000)
 ParOldGen       total 87552K, used 3550K [0x0000000081200000, 0x0000000086780000, 0x00000000d5b80000)
  object space 87552K, 4% used [0x0000000081200000,0x0000000081577868,0x0000000086780000)
 Metaspace       used 18348K, capacity 19578K, committed 19712K, reserved 1067008K
  class space    used 2491K, capacity 2741K, committed 2816K, reserved 1048576K
}
Event: 2.072 GC heap before
{Heap before GC invocations=5 (full 0):
 PSYoungGen      total 71680K, used 23206K [0x00000000d5b80000, 0x00000000da680000, 0x0000000100000000)
  eden space 66560K, 27% used [0x00000000d5b80000,0x00000000d6d29b30,0x00000000d9c80000)
  from space 5120K, 99% used [0x00000000da180000,0x00000000da67fe08,0x00000000da680000)
  to   space 5120K, 0% used [0x00000000d9c80000,0x00000000d9c80000,0x00000000da180000)
 ParOldGen       total 87552K, used 3550K [0x0000000081200000, 0x0000000086780000, 0x00000000d5b80000)
  object space 87552K, 4% used [0x0000000081200000,0x0000000081577868,0x0000000086780000)
 Metaspace       used 19793K, capacity 21096K, committed 21248K, reserved 1067008K
  class space    used 2689K, capacity 2962K, committed 3072K, reserved 1048576K
Event: 2.080 GC heap after
Heap after GC invocations=5 (full 0):
 PSYoungGen      total 71680K, used 5103K [0x00000000d5b80000, 0x00000000dee80000, 0x0000000100000000)
  eden space 66560K, 0% used [0x00000000d5b80000,0x00000000d5b80000,0x00000000d9c80000)
  from space 5120K, 99% used [0x00000000d9c80000,0x00000000da17bdf8,0x00000000da180000)
  to   space 8704K, 0% used [0x00000000de600000,0x00000000de600000,0x00000000dee80000)
 ParOldGen       total 87552K, used 4922K [0x0000000081200000, 0x0000000086780000, 0x00000000d5b80000)
  object space 87552K, 5% used [0x0000000081200000,0x00000000816ceae8,0x0000000086780000)
 Metaspace       used 19793K, capacity 21096K, committed 21248K, reserved 1067008K
  class space    used 2689K, capacity 2962K, committed 3072K, reserved 1048576K
}
Event: 2.080 GC heap before
{Heap before GC invocations=6 (full 1):
 PSYoungGen      total 71680K, used 5103K [0x00000000d5b80000, 0x00000000dee80000, 0x0000000100000000)
  eden space 66560K, 0% used [0x00000000d5b80000,0x00000000d5b80000,0x00000000d9c80000)
  from space 5120K, 99% used [0x00000000d9c80000,0x00000000da17bdf8,0x00000000da180000)
  to   space 8704K, 0% used [0x00000000de600000,0x00000000de600000,0x00000000dee80000)
 ParOldGen       total 87552K, used 4922K [0x0000000081200000, 0x0000000086780000, 0x00000000d5b80000)
  object space 87552K, 5% used [0x0000000081200000,0x00000000816ceae8,0x0000000086780000)
 Metaspace       used 19793K, capacity 21096K, committed 21248K, reserved 1067008K
  class space    used 2689K, capacity 2962K, committed 3072K, reserved 1048576K
Event: 2.111 GC heap after
Heap after GC invocations=6 (full 1):
 PSYoungGen      total 71680K, used 0K [0x00000000d5b80000, 0x00000000dee80000, 0x0000000100000000)
  eden space 66560K, 0% used [0x00000000d5b80000,0x00000000d5b80000,0x00000000d9c80000)
  from space 5120K, 0% used [0x00000000d9c80000,0x00000000d9c80000,0x00000000da180000)
  to   space 8704K, 0% used [0x00000000de600000,0x00000000de600000,0x00000000dee80000)
 ParOldGen       total 54272K, used 6329K [0x0000000081200000, 0x0000000084700000, 0x00000000d5b80000)
  object space 54272K, 11% used [0x0000000081200000,0x000000008182e598,0x0000000084700000)
 Metaspace       used 19793K, capacity 21096K, committed 21248K, reserved 1067008K
  class space    used 2689K, capacity 2962K, committed 3072K, reserved 1048576K
}
Event: 2.551 GC heap before
{Heap before GC invocations=7 (full 1):
 PSYoungGen      total 71680K, used 66560K [0x00000000d5b80000, 0x00000000dee80000, 0x0000000100000000)
  eden space 66560K, 100% used [0x00000000d5b80000,0x00000000d9c80000,0x00000000d9c80000)
  from space 5120K, 0% used [0x00000000d9c80000,0x00000000d9c80000,0x00000000da180000)
  to   space 8704K, 0% used [0x00000000de600000,0x00000000de600000,0x00000000dee80000)
 ParOldGen       total 54272K, used 6329K [0x0000000081200000, 0x0000000084700000, 0x00000000d5b80000)
  object space 54272K, 11% used [0x0000000081200000,0x000000008182e598,0x0000000084700000)
 Metaspace       used 24879K, capacity 26398K, committed 26752K, reserved 1073152K
  class space    used 3329K, capacity 3635K, committed 3712K, reserved 1048576K
Event: 2.557 GC heap after
Heap after GC invocations=7 (full 1):
 PSYoungGen      total 115712K, used 7310K [0x00000000d5b80000, 0x00000000ded80000, 0x0000000100000000)
  eden space 108032K, 0% used [0x00000000d5b80000,0x00000000d5b80000,0x00000000dc500000)
  from space 7680K, 95% used [0x00000000de600000,0x00000000ded23bd0,0x00000000ded80000)
  to   space 8704K, 0% used [0x00000000ddc80000,0x00000000ddc80000,0x00000000de500000)
 ParOldGen       total 54272K, used 6337K [0x0000000081200000, 0x0000000084700000, 0x00000000d5b80000)
  object space 54272K, 11% used [0x0000000081200000,0x0000000081830598,0x0000000084700000)
 Metaspace       used 24879K, capacity 26398K, committed 26752K, reserved 1073152K
  class space    used 3329K, capacity 3635K, committed 3712K, reserved 1048576K
}
Event: 2.995 GC heap before
{Heap before GC invocations=8 (full 1):
 PSYoungGen      total 115712K, used 44519K [0x00000000d5b80000, 0x00000000ded80000, 0x0000000100000000)
  eden space 108032K, 34% used [0x00000000d5b80000,0x00000000d7fd6390,0x00000000dc500000)
  from space 7680K, 95% used [0x00000000de600000,0x00000000ded23bd0,0x00000000ded80000)
  to   space 8704K, 0% used [0x00000000ddc80000,0x00000000ddc80000,0x00000000de500000)
 ParOldGen       total 54272K, used 6337K [0x0000000081200000, 0x0000000084700000, 0x00000000d5b80000)
  object space 54272K, 11% used [0x0000000081200000,0x0000000081830598,0x0000000084700000)
 Metaspace       used 27447K, capacity 29074K, committed 29184K, reserved 1079296K
  class space    used 3676K, capacity 4029K, committed 4096K, reserved 1048576K
Event: 3.005 GC heap after
Heap after GC invocations=8 (full 1):
 PSYoungGen      total 116736K, used 5164K [0x00000000d5b80000, 0x00000000ded80000, 0x0000000100000000)
  eden space 108032K, 0% used [0x00000000d5b80000,0x00000000d5b80000,0x00000000dc500000)
  from space 8704K, 59% used [0x00000000ddc80000,0x00000000de18b310,0x00000000de500000)
  to   space 7680K, 0% used [0x00000000de600000,0x00000000de600000,0x00000000ded80000)
 ParOldGen       total 54272K, used 6345K [0x0000000081200000, 0x0000000084700000, 0x00000000d5b80000)
  object space 54272K, 11% used [0x0000000081200000,0x0000000081832598,0x0000000084700000)
 Metaspace       used 27447K, capacity 29074K, committed 29184K, reserved 1079296K
  class space    used 3676K, capacity 4029K, committed 4096K, reserved 1048576K
}
Event: 3.005 GC heap before
{Heap before GC invocations=9 (full 2):
 PSYoungGen      total 116736K, used 5164K [0x00000000d5b80000, 0x00000000ded80000, 0x0000000100000000)
  eden space 108032K, 0% used [0x00000000d5b80000,0x00000000d5b80000,0x00000000dc500000)
  from space 8704K, 59% used [0x00000000ddc80000,0x00000000de18b310,0x00000000de500000)
  to   space 7680K, 0% used [0x00000000de600000,0x00000000de600000,0x00000000ded80000)
 ParOldGen       total 54272K, used 6345K [0x0000000081200000, 0x0000000084700000, 0x00000000d5b80000)
  object space 54272K, 11% used [0x0000000081200000,0x0000000081832598,0x0000000084700000)
 Metaspace       used 27447K, capacity 29074K, committed 29184K, reserved 1079296K
  class space    used 3676K, capacity 4029K, committed 4096K, reserved 1048576K

Deoptimization events (10 events):
Event: 2.039 Thread 0x000000001ba25000 Uncommon trap: reason=class_check action=maybe_recompile pc=0x0000000002df5108 method=java.util.HashMap.putVal(ILjava/lang/Object;Ljava/lang/Object;ZZ)Ljava/lang/Object; @ 203
Event: 2.251 Thread 0x0000000002807000 Uncommon trap: reason=unstable_if action=reinterpret pc=0x0000000002f93620 method=java.util.concurrent.ConcurrentHashMap.addCount(JI)V @ 34
Event: 2.301 Thread 0x0000000002807000 Uncommon trap: reason=class_check action=maybe_recompile pc=0x0000000002df5108 method=java.util.HashMap.putVal(ILjava/lang/Object;Ljava/lang/Object;ZZ)Ljava/lang/Object; @ 203
Event: 2.422 Thread 0x000000001ba25000 Uncommon trap: reason=unstable_if action=reinterpret pc=0x0000000002cde854 method=jdk.internal.org.objectweb.asm.Type.getArgumentsAndReturnSizes(Ljava/lang/String;)I @ 47
Event: 2.807 Thread 0x0000000002807000 Uncommon trap: reason=unstable_if action=reinterpret pc=0x0000000003154df0 method=org.springframework.beans.factory.support.AbstractBeanFactory.getMergedLocalBeanDefinition(Ljava/lang/String;)Lorg/springframework/beans/factory/support/RootBeanDefinition; 
Event: 2.821 Thread 0x0000000002807000 Uncommon trap: reason=unstable_if action=reinterpret pc=0x000000000316ee5c method=org.springframework.beans.factory.support.DefaultSingletonBeanRegistry.getSingleton(Ljava/lang/String;Z)Ljava/lang/Object; @ 20
Event: 2.847 Thread 0x0000000002807000 Uncommon trap: reason=unstable_if action=reinterpret pc=0x000000000316b8b0 method=org.springframework.beans.factory.support.AbstractBeanFactory.isFactoryBean(Ljava/lang/String;Lorg/springframework/beans/factory/support/RootBeanDefinition;)Z @ 38
Event: 2.943 Thread 0x0000000002807000 Uncommon trap: reason=unstable_if action=reinterpret pc=0x000000000319ec80 method=org.springframework.beans.factory.support.AbstractAutowireCapableBeanFactory.predictBeanType(Ljava/lang/String;Lorg/springframework/beans/factory/support/RootBeanDefinition;
Event: 2.943 Thread 0x0000000002807000 Uncommon trap: reason=unstable_if action=reinterpret pc=0x0000000003194ff0 method=org.springframework.beans.factory.support.AbstractAutowireCapableBeanFactory.predictBeanType(Ljava/lang/String;Lorg/springframework/beans/factory/support/RootBeanDefinition;
Event: 2.958 Thread 0x0000000002807000 Uncommon trap: reason=unstable_if action=reinterpret pc=0x0000000003149bf4 method=org.springframework.util.ConcurrentReferenceHashMap$Segment.findInChain(Lorg/springframework/util/ConcurrentReferenceHashMap$Reference;Ljava/lang/Object;I)Lorg/springframewo

Classes redefined (0 events):
No events

Internal exceptions (10 events):
Event: 2.813 Thread 0x0000000002807000 Exception <a 'java/lang/ClassNotFoundException': java/lang/ObjectCustomizer> (0x00000000d6f0cec0) thrown at [C:\re\workspace\8-2-build-windows-amd64-cygwin\jdk8u231\13620\hotspot\src\share\vm\classfile\systemDictionary.cpp, line 210]
Event: 2.814 Thread 0x0000000002807000 Exception <a 'java/lang/ClassNotFoundException': org/mybatis/spring/mapper/MapperScannerConfigurerCustomizer> (0x00000000d6f2d770) thrown at [C:\re\workspace\8-2-build-windows-amd64-cygwin\jdk8u231\13620\hotspot\src\share\vm\classfile\systemDictionary.cpp
Event: 2.817 Thread 0x0000000002807000 Exception <a 'java/lang/ClassNotFoundException': org/springframework/beans/factory/support/BeanDefinitionRegistryPostProcessorCustomizer> (0x00000000d6f73448) thrown at [C:\re\workspace\8-2-build-windows-amd64-cygwin\jdk8u231\13620\hotspot\src\share\vm\cl
Event: 2.817 Thread 0x0000000002807000 Exception <a 'java/lang/ClassNotFoundException': org/springframework/beans/factory/config/BeanFactoryPostProcessorCustomizer> (0x00000000d6f95858) thrown at [C:\re\workspace\8-2-build-windows-amd64-cygwin\jdk8u231\13620\hotspot\src\share\vm\classfile\syst
Event: 2.818 Thread 0x0000000002807000 Exception <a 'java/lang/ClassNotFoundException': org/springframework/beans/factory/InitializingBeanCustomizer> (0x00000000d6fb2bc0) thrown at [C:\re\workspace\8-2-build-windows-amd64-cygwin\jdk8u231\13620\hotspot\src\share\vm\classfile\systemDictionary.cp
Event: 2.819 Thread 0x0000000002807000 Exception <a 'java/lang/ClassNotFoundException': org/springframework/context/ApplicationContextAwareCustomizer> (0x00000000d6fd0148) thrown at [C:\re\workspace\8-2-build-windows-amd64-cygwin\jdk8u231\13620\hotspot\src\share\vm\classfile\systemDictionary.c
Event: 2.819 Thread 0x0000000002807000 Exception <a 'java/lang/ClassNotFoundException': org/springframework/beans/factory/AwareCustomizer> (0x00000000d6fea268) thrown at [C:\re\workspace\8-2-build-windows-amd64-cygwin\jdk8u231\13620\hotspot\src\share\vm\classfile\systemDictionary.cpp, line 210
Event: 2.820 Thread 0x0000000002807000 Exception <a 'java/lang/ClassNotFoundException': org/springframework/beans/factory/BeanNameAwareCustomizer> (0x00000000d70054d0) thrown at [C:\re\workspace\8-2-build-windows-amd64-cygwin\jdk8u231\13620\hotspot\src\share\vm\classfile\systemDictionary.cpp, 
Event: 2.821 Thread 0x0000000002807000 Exception <a 'java/lang/ClassNotFoundException': org/springframework/beans/factory/AwareCustomizer> (0x00000000d701efd8) thrown at [C:\re\workspace\8-2-build-windows-amd64-cygwin\jdk8u231\13620\hotspot\src\share\vm\classfile\systemDictionary.cpp, line 210
Event: 2.839 Thread 0x0000000002807000 Exception <a 'java/lang/NoSuchMethodError': org.slf4j.impl.StaticMarkerBinder.getSingleton()Lorg/slf4j/impl/StaticMarkerBinder;> (0x00000000d7139e80) thrown at [C:\re\workspace\8-2-build-windows-amd64-cygwin\jdk8u231\13620\hotspot\src\share\vm\interpreter

Events (10 events):
Event: 2.993 loading class java/util/concurrent/RejectedExecutionHandler
Event: 2.993 loading class java/util/concurrent/RejectedExecutionHandler done
Event: 2.994 loading class java/util/concurrent/RejectedExecutionException
Event: 2.994 loading class java/util/concurrent/RejectedExecutionException done
Event: 2.994 loading class org/springframework/core/task/TaskRejectedException
Event: 2.994 loading class org/springframework/core/task/TaskRejectedException done
Event: 2.994 loading class org/springframework/util/concurrent/ListenableFuture
Event: 2.994 loading class org/springframework/util/concurrent/ListenableFuture done
Event: 2.995 loading class java/util/concurrent/ThreadPoolExecutor
Event: 2.995 Executing VM operation: CollectForMetadataAllocation


Dynamic libraries:
0x00007ff73bea0000 - 0x00007ff73bed7000 	C:\Program Files\Java\jdk1.8.0_231\bin\java.exe
0x00007ffc62960000 - 0x00007ffc62b50000 	C:\WINDOWS\SYSTEM32\ntdll.dll
0x00007ffc622e0000 - 0x00007ffc62392000 	C:\WINDOWS\System32\KERNEL32.DLL
0x00007ffc60240000 - 0x00007ffc604e3000 	C:\WINDOWS\System32\KERNELBASE.dll
0x00007ffc614e0000 - 0x00007ffc61583000 	C:\WINDOWS\System32\ADVAPI32.dll
0x00007ffc60fc0000 - 0x00007ffc6105e000 	C:\WINDOWS\System32\msvcrt.dll
0x00007ffc62590000 - 0x00007ffc62627000 	C:\WINDOWS\System32\sechost.dll
0x00007ffc60c20000 - 0x00007ffc60d40000 	C:\WINDOWS\System32\RPCRT4.dll
0x00007ffc61a50000 - 0x00007ffc61be4000 	C:\WINDOWS\System32\USER32.dll
0x00007ffc60880000 - 0x00007ffc608a1000 	C:\WINDOWS\System32\win32u.dll
0x00007ffc62410000 - 0x00007ffc62436000 	C:\WINDOWS\System32\GDI32.dll
0x00007ffc604f0000 - 0x00007ffc60684000 	C:\WINDOWS\System32\gdi32full.dll
0x00007ffc60690000 - 0x00007ffc6072e000 	C:\WINDOWS\System32\msvcp_win.dll
0x00007ffc60780000 - 0x00007ffc6087a000 	C:\WINDOWS\System32\ucrtbase.dll
0x00007ffc48ed0000 - 0x00007ffc49155000 	C:\WINDOWS\WinSxS\amd64_microsoft.windows.common-controls_6595b64144ccf1df_6.0.18362.720_none_e6beb5c51314836b\COMCTL32.dll
0x00007ffc61710000 - 0x00007ffc61a46000 	C:\WINDOWS\System32\combase.dll
0x00007ffc608b0000 - 0x00007ffc60930000 	C:\WINDOWS\System32\bcryptPrimitives.dll
0x00007ffc62840000 - 0x00007ffc6286e000 	C:\WINDOWS\System32\IMM32.DLL
0x0000000067c40000 - 0x0000000067d12000 	C:\Program Files\Java\jdk1.8.0_231\jre\bin\msvcr100.dll
0x0000000067390000 - 0x0000000067c36000 	C:\Program Files\Java\jdk1.8.0_231\jre\bin\server\jvm.dll
0x00007ffc60d40000 - 0x00007ffc60d48000 	C:\WINDOWS\System32\PSAPI.DLL
0x00007ffc5c0b0000 - 0x00007ffc5c0b9000 	C:\WINDOWS\SYSTEM32\WSOCK32.dll
0x00007ffc58fa0000 - 0x00007ffc58faa000 	C:\WINDOWS\SYSTEM32\VERSION.dll
0x00007ffc5d8a0000 - 0x00007ffc5d8c4000 	C:\WINDOWS\SYSTEM32\WINMM.dll
0x00007ffc623a0000 - 0x00007ffc6240f000 	C:\WINDOWS\System32\WS2_32.dll
0x00007ffc5d770000 - 0x00007ffc5d79d000 	C:\WINDOWS\SYSTEM32\WINMMBASE.dll
0x00007ffc60730000 - 0x00007ffc6077a000 	C:\WINDOWS\System32\cfgmgr32.dll
0x00007ffc5c170000 - 0x00007ffc5c17f000 	C:\Program Files\Java\jdk1.8.0_231\jre\bin\verify.dll
0x00007ffc46730000 - 0x00007ffc46759000 	C:\Program Files\Java\jdk1.8.0_231\jre\bin\java.dll
0x00007ffc4ebc0000 - 0x00007ffc4ebe3000 	C:\Program Files\Java\jdk1.8.0_231\jre\bin\instrument.dll
0x00007ffc4b7a0000 - 0x00007ffc4b7b6000 	C:\Program Files\Java\jdk1.8.0_231\jre\bin\zip.dll
0x00007ffc61bf0000 - 0x00007ffc622d5000 	C:\WINDOWS\System32\SHELL32.dll
0x00007ffc62870000 - 0x00007ffc62919000 	C:\WINDOWS\System32\shcore.dll
0x00007ffc5fac0000 - 0x00007ffc60240000 	C:\WINDOWS\System32\windows.storage.dll
0x00007ffc5f850000 - 0x00007ffc5f873000 	C:\WINDOWS\System32\profapi.dll
0x00007ffc5f8a0000 - 0x00007ffc5f8ea000 	C:\WINDOWS\System32\powrprof.dll
0x00007ffc5f820000 - 0x00007ffc5f830000 	C:\WINDOWS\System32\UMPDC.dll
0x00007ffc60f60000 - 0x00007ffc60fb2000 	C:\WINDOWS\System32\shlwapi.dll
0x00007ffc5f880000 - 0x00007ffc5f891000 	C:\WINDOWS\System32\kernel.appcore.dll
0x00007ffc5fa40000 - 0x00007ffc5fa57000 	C:\WINDOWS\System32\cryptsp.dll
0x00007ffc47dd0000 - 0x00007ffc47dea000 	C:\Program Files\JetBrains\IntelliJ IDEA 2019.3.3\bin\breakgen64.dll
0x00007ffc48160000 - 0x00007ffc4817a000 	C:\Program Files\Java\jdk1.8.0_231\jre\bin\net.dll
0x00007ffc5f030000 - 0x00007ffc5f097000 	C:\WINDOWS\system32\mswsock.dll
0x00007ffc47e70000 - 0x00007ffc47e82000 	C:\Program Files\Java\jdk1.8.0_231\jre\bin\nio.dll
0x00007ffc4e6f0000 - 0x00007ffc4e6fd000 	C:\Program Files\Java\jdk1.8.0_231\jre\bin\management.dll
0x00007ffc5ab90000 - 0x00007ffc5aba6000 	C:\WINDOWS\system32\napinsp.dll
0x00007ffc55b00000 - 0x00007ffc55b1a000 	C:\WINDOWS\system32\pnrpnsp.dll
0x00007ffc3aac0000 - 0x00007ffc3aad5000 	C:\WINDOWS\system32\wshbth.dll
0x00007ffc5be50000 - 0x00007ffc5be6c000 	C:\WINDOWS\system32\NLAapi.dll
0x00007ffc5ed40000 - 0x00007ffc5ed7a000 	C:\WINDOWS\SYSTEM32\IPHLPAPI.DLL
0x00007ffc5edd0000 - 0x00007ffc5ee9a000 	C:\WINDOWS\SYSTEM32\DNSAPI.dll
0x00007ffc62510000 - 0x00007ffc62518000 	C:\WINDOWS\System32\NSI.dll
0x00007ffc5ad90000 - 0x00007ffc5ad9e000 	C:\WINDOWS\System32\winrnr.dll
0x00007ffc4d950000 - 0x00007ffc4daca000 	C:\Program Files (x86)\Sangfor\AF\SSL\ClientComponent\4_SangforTcpX64.dll
0x00007ffc61590000 - 0x00007ffc616e7000 	C:\WINDOWS\System32\ole32.dll
0x00007ffc60a10000 - 0x00007ffc60ad4000 	C:\WINDOWS\System32\OLEAUT32.dll
0x00007ffc5fa60000 - 0x00007ffc5fabc000 	C:\WINDOWS\System32\WINTRUST.dll
0x00007ffc5f830000 - 0x00007ffc5f842000 	C:\WINDOWS\System32\MSASN1.dll
0x00007ffc5f8f0000 - 0x00007ffc5fa39000 	C:\WINDOWS\System32\CRYPT32.dll
0x00007ffc56b20000 - 0x00007ffc56b2a000 	C:\Windows\System32\rasadhlp.dll
0x00007ffc56b60000 - 0x00007ffc56bd7000 	C:\WINDOWS\System32\fwpuclnt.dll
0x00007ffc60930000 - 0x00007ffc60956000 	C:\WINDOWS\System32\bcrypt.dll

VM Arguments:
jvm_args: -ea -Didea.test.cyclic.buffer.size=1048576 -javaagent:C:\Program Files\JetBrains\IntelliJ IDEA 2019.3.3\lib\idea_rt.jar=56597:C:\Program Files\JetBrains\IntelliJ IDEA 2019.3.3\bin -Dfile.encoding=UTF-8 
java_command: com.intellij.rt.junit.JUnitStarter -ideVersion5 -junit5 com.softsun.demo.GoodApplicationTests,contextLoads
java_class_path (initial): C:\Program Files\JetBrains\IntelliJ IDEA 2019.3.3\lib\idea_rt.jar;C:\Program Files\JetBrains\IntelliJ IDEA 2019.3.3\plugins\junit\lib\junit5-rt.jar;C:\Program Files\JetBrains\IntelliJ IDEA 2019.3.3\plugins\junit\lib\junit-rt.jar;C:\Program Files\Java\jdk1.8.0_231\jre\lib\charsets.jar;C:\Program Files\Java\jdk1.8.0_231\jre\lib\deploy.jar;C:\Program Files\Java\jdk1.8.0_231\jre\lib\ext\access-bridge-64.jar;C:\Program Files\Java\jdk1.8.0_231\jre\lib\ext\cldrdata.jar;C:\Program Files\Java\jdk1.8.0_231\jre\lib\ext\dnsns.jar;C:\Program Files\Java\jdk1.8.0_231\jre\lib\ext\jaccess.jar;C:\Program Files\Java\jdk1.8.0_231\jre\lib\ext\jfxrt.jar;C:\Program Files\Java\jdk1.8.0_231\jre\lib\ext\localedata.jar;C:\Program Files\Java\jdk1.8.0_231\jre\lib\ext\nashorn.jar;C:\Program Files\Java\jdk1.8.0_231\jre\lib\ext\sunec.jar;C:\Program Files\Java\jdk1.8.0_231\jre\lib\ext\sunjce_provider.jar;C:\Program Files\Java\jdk1.8.0_231\jre\lib\ext\sunmscapi.jar;C:\Program Files\Java\jdk1.8.0_231\jre\lib\ext\sunpkcs11.jar;C:\Program Files\Java\jdk1.8.0_231\jre\lib\ext\zipfs.jar;C:\Program Files\Java\jdk1.8.0_231\jre\lib\javaws.jar;C:\Program Files\Java\jdk1.8.0_231\jre\lib\jce.jar;C:\Program Files\Java\jdk1.8.0_231\jre\lib\jfr.jar;C:\Program Files\Java\jdk1.8.0_231\jre\lib\jfxswt.jar;C:\Program Files\Java\jdk1.8.0_231\jre\lib\jsse.jar;C:\Program Files\Java\jdk1.8.0_231\jre\lib\management-agent.jar;C:\Program Files\Java\jdk1.8.0_231\jre\lib\plugin.jar;C:\Program Files\Java\jdk1.8.0_231\jre\lib\resources.jar;C:\Program Files\Java\jdk1.8.0_231\jre\lib\rt.jar;C:\works\WorkSpace\Java_Console_Work\Good\target\test-classes;C:\works\WorkSpace\Java_Console_Work\Good\target\classes;C:\Users\dance41ife\.m2\repository\org\springframework\boot\spring-boot-starter-web\2.2.5.RELEASE\spring-boot-starter-web-2.2.5.RELEASE.jar;C:\Users\dance41ife\.m2\repository\org\springframework\boot\spring-boot-starter\2.2.5.RELEASE\spring-boot-starter-2.2.5.RELEASE.jar;C:\Users\dance41ife\.m2\repos
Launcher Type: SUN_STANDARD

Environment Variables:
JAVA_HOME=C:\Program Files\Java\jdk1.8.0_231
PATH=C:\Program Files (x86)\Common Files\Oracle\Java\javapath;C:\WINDOWS\system32;C:\WINDOWS;C:\WINDOWS\System32\Wbem;C:\WINDOWS\System32\WindowsPowerShell\v1.0\;C:\WINDOWS\System32\OpenSSH\;"C:\Program Files\Java\jdk1.8.0_231\bin;C:\Program Files\Java\jdk1.8.0_231\jre\bin;";C:\Program Files\TortoiseSVN\bin;C:\Program Files\nodejs\;C:\Users\dance41ife\AppData\Local\Microsoft\WindowsApps;;C:\Users\dance41ife\AppData\Roaming\npm;C:\Users\dance41ife\AppData\Local\Programs\Microsoft VS Code\bin
USERNAME=dance41ife
OS=Windows_NT
PROCESSOR_IDENTIFIER=Intel64 Family 6 Model 142 Stepping 10, GenuineIntel



---------------  S Y S T E M  ---------------

OS: Windows 10.0 , 64 bit Build 18362 (10.0.18362.329)

CPU:total 8 (initial active 8) (4 cores per cpu, 2 threads per core) family 6 model 142 stepping 10, cmov, cx8, fxsr, mmx, sse, sse2, sse3, ssse3, sse4.1, sse4.2, popcnt, avx, avx2, aes, clmul, erms, 3dnowpref, lzcnt, ht, tsc, tscinvbit, bmi1, bmi2, adx

Memory: 4k page, physical 8311804k(1147492k free), swap 10359804k(6380k free)

vm_info: Java HotSpot(TM) 64-Bit Server VM (25.231-b11) for windows-amd64 JRE (1.8.0_231-b11), built on Oct  5 2019 03:11:30 by "java_re" with MS VC++ 10.0 (VS2010)

time: Tue Mar 17 14:43:53 2020
timezone: 中国标准时间
elapsed time: 3 seconds (0d 0h 0m 3s)

